D:\emulador-muemu-s13\source-files\Client\Main\..\..\..\..\..\..\..\..\IconeMU\main.dll
D:\EMULADOR-MUEMU-S13\SOURCE-FILES\CLIENT\MAIN\RELEASE\CASTLESIEGE.OBJ
D:\EMULADOR-MUEMU-S13\SOURCE-FILES\CLIENT\MAIN\RELEASE\CCRC32.OBJ
D:\emulador-muemu-s13\source-files\Client\Main\Release\cl.command.1.tlog
D:\emulador-muemu-s13\source-files\Client\Main\Release\CL.read.1.tlog
D:\emulador-muemu-s13\source-files\Client\Main\Release\CL.write.1.tlog
D:\EMULADOR-MUEMU-S13\SOURCE-FILES\CLIENT\MAIN\RELEASE\CONSOLE.OBJ
D:\EMULADOR-MUEMU-S13\SOURCE-FILES\CLIENT\MAIN\RELEASE\CUSTOMFUNCTIONS.OBJ
D:\EMULADOR-MUEMU-S13\SOURCE-FILES\CLIENT\MAIN\RELEASE\EVENTSCHEDULE.OBJ
D:\EMULADOR-MUEMU-S13\SOURCE-FILES\CLIENT\MAIN\RELEASE\HACKCHECK.OBJ
D:\EMULADOR-MUEMU-S13\SOURCE-FILES\CLIENT\MAIN\RELEASE\INTERFACE.OBJ
D:\emulador-muemu-s13\source-files\Client\Main\Release\link.command.1.tlog
D:\emulador-muemu-s13\source-files\Client\Main\Release\link.read.1.tlog
D:\emulador-muemu-s13\source-files\Client\Main\Release\link.write.1.tlog
D:\emulador-muemu-s13\source-files\Client\Main\Release\link-cvtres.read.1.tlog
D:\emulador-muemu-s13\source-files\Client\Main\Release\link-cvtres.write.1.tlog
D:\EMULADOR-MUEMU-S13\SOURCE-FILES\CLIENT\MAIN\RELEASE\MAIN.DLL.INTERMEDIATE.MANIFEST
D:\EMULADOR-MUEMU-S13\SOURCE-FILES\CLIENT\MAIN\RELEASE\MAIN.OBJ
D:\EMULADOR-MUEMU-S13\SOURCE-FILES\CLIENT\MAIN\RELEASE\MAIN.PCH
D:\EMULADOR-MUEMU-S13\SOURCE-FILES\CLIENT\MAIN\RELEASE\MAIN.RES
D:\emulador-muemu-s13\source-files\Client\Main\Release\Main.write.1.tlog
D:\emulador-muemu-s13\source-files\Client\Main\Release\mt.command.1.tlog
D:\emulador-muemu-s13\source-files\Client\Main\Release\mt.read.1.tlog
D:\emulador-muemu-s13\source-files\Client\Main\Release\mt.write.1.tlog
D:\EMULADOR-MUEMU-S13\SOURCE-FILES\CLIENT\MAIN\RELEASE\OFICINA.OBJ
D:\EMULADOR-MUEMU-S13\SOURCE-FILES\CLIENT\MAIN\RELEASE\PACKETMANAGER.OBJ
D:\EMULADOR-MUEMU-S13\SOURCE-FILES\CLIENT\MAIN\RELEASE\PRINTPLAYER.OBJ
D:\EMULADOR-MUEMU-S13\SOURCE-FILES\CLIENT\MAIN\RELEASE\PROTECT.OBJ
D:\EMULADOR-MUEMU-S13\SOURCE-FILES\CLIENT\MAIN\RELEASE\PROTOCOL.OBJ
D:\emulador-muemu-s13\source-files\Client\Main\Release\rc.command.1.tlog
D:\emulador-muemu-s13\source-files\Client\Main\Release\rc.read.1.tlog
D:\emulador-muemu-s13\source-files\Client\Main\Release\rc.write.1.tlog
D:\EMULADOR-MUEMU-S13\SOURCE-FILES\CLIENT\MAIN\RELEASE\RECONNECT.OBJ
D:\EMULADOR-MUEMU-S13\SOURCE-FILES\CLIENT\MAIN\RELEASE\SCREENSHOOTER.OBJ
D:\EMULADOR-MUEMU-S13\SOURCE-FILES\CLIENT\MAIN\RELEASE\SCREENSHOT.OBJ
D:\EMULADOR-MUEMU-S13\SOURCE-FILES\CLIENT\MAIN\RELEASE\SHA1.OBJ
D:\EMULADOR-MUEMU-S13\SOURCE-FILES\CLIENT\MAIN\RELEASE\STDAFX.OBJ
D:\EMULADOR-MUEMU-S13\SOURCE-FILES\CLIENT\MAIN\RELEASE\TRAYMODE.OBJ
D:\EMULADOR-MUEMU-S13\SOURCE-FILES\CLIENT\MAIN\RELEASE\UPLOADER.OBJ
D:\EMULADOR-MUEMU-S13\SOURCE-FILES\CLIENT\MAIN\RELEASE\UTIL.OBJ
D:\EMULADOR-MUEMU-S13\SOURCE-FILES\CLIENT\MAIN\RELEASE\VC100.PDB
D:\ICONEMU\MAIN.DLL
