d:\emulador-muemu-s13\source-files\gameserver\gameserver\release\gameserver\gameserver.pch
d:\emulador-muemu-s13\source-files\gameserver\gameserver\release\gameserver\vc143.pdb
d:\emulador-muemu-s13\source-files\gameserver\gameserver\release\gameserver\stdafx.obj
d:\emulador-muemu-s13\source-files\gameserver\gameserver\release\gameserver\castlesiegesync.obj
d:\emulador-muemu-s13\source-files\gameserver\gameserver\release\gameserver\castlesiegecrownswitch.obj
d:\emulador-muemu-s13\source-files\gameserver\gameserver\release\gameserver\castlesiegecrown.obj
d:\emulador-muemu-s13\source-files\gameserver\gameserver\release\gameserver\castlesiege.obj
d:\emulador-muemu-s13\source-files\gameserver\gameserver\release\gameserver\castledeep.obj
d:\emulador-muemu-s13\source-files\gameserver\gameserver\release\gameserver\cashshop.obj
d:\emulador-muemu-s13\source-files\gameserver\gameserver\release\gameserver\cannontower.obj
d:\emulador-muemu-s13\source-files\gameserver\gameserver\release\gameserver\calformula.obj
d:\emulador-muemu-s13\source-files\gameserver\gameserver\release\gameserver\cacheronguardianevent.obj
d:\emulador-muemu-s13\source-files\gameserver\gameserver\release\gameserver\bonusmanager.obj
d:\emulador-muemu-s13\source-files\gameserver\gameserver\release\gameserver\bloodcastle.obj
d:\emulador-muemu-s13\source-files\gameserver\gameserver\release\gameserver\battlesoccermanager.obj
d:\emulador-muemu-s13\source-files\gameserver\gameserver\release\gameserver\battlesoccer.obj
d:\emulador-muemu-s13\source-files\gameserver\gameserver\release\gameserver\battleground.obj
d:\emulador-muemu-s13\source-files\gameserver\gameserver\release\gameserver\attack.obj
d:\emulador-muemu-s13\source-files\gameserver\gameserver\release\gameserver\arcabattle.obj
d:\emulador-muemu-s13\source-files\gameserver\gameserver\release\gameserver\380itemtype.obj
d:\emulador-muemu-s13\source-files\gameserver\gameserver\release\gameserver\380itemoption.obj
d:\emulador-muemu-s13\source-files\gameserver\gameserver\release\gameserver\math.obj
d:\emulador-muemu-s13\source-files\gameserver\gameserver\release\gameserver\ccrc32.obj
d:\emulador-muemu-s13\source-files\gameserver\gameserver\release\gameserver\crywolfstatetimeinfo.obj
d:\emulador-muemu-s13\source-files\gameserver\gameserver\release\gameserver\crywolfobjinfo.obj
d:\emulador-muemu-s13\source-files\gameserver\gameserver\release\gameserver\crywolfaltar.obj
d:\emulador-muemu-s13\source-files\gameserver\gameserver\release\gameserver\crywolf.obj
d:\emulador-muemu-s13\source-files\gameserver\gameserver\release\gameserver\criticalsection.obj
d:\emulador-muemu-s13\source-files\gameserver\gameserver\release\gameserver\connection.obj
d:\emulador-muemu-s13\source-files\gameserver\gameserver\release\gameserver\configs.obj
d:\emulador-muemu-s13\source-files\gameserver\gameserver\release\gameserver\commandmanager.obj
d:\emulador-muemu-s13\source-files\gameserver\gameserver\release\gameserver\comboskillpath.obj
d:\emulador-muemu-s13\source-files\gameserver\gameserver\release\gameserver\comboskill.obj
d:\emulador-muemu-s13\source-files\gameserver\gameserver\release\gameserver\cnixieslakebosszone.obj
d:\emulador-muemu-s13\source-files\gameserver\gameserver\release\gameserver\cnixieslakeboss.obj
d:\emulador-muemu-s13\source-files\gameserver\gameserver\release\gameserver\cheatguard.obj
d:\emulador-muemu-s13\source-files\gameserver\gameserver\release\gameserver\chatsystem.obj
d:\emulador-muemu-s13\source-files\gameserver\gameserver\release\gameserver\chaoscastle.obj
d:\emulador-muemu-s13\source-files\gameserver\gameserver\release\gameserver\chaosbox.obj
d:\emulador-muemu-s13\source-files\gameserver\gameserver\release\gameserver\cbombhuntmng.obj
d:\emulador-muemu-s13\source-files\gameserver\gameserver\release\gameserver\cbombhuntinfo.obj
d:\emulador-muemu-s13\source-files\gameserver\gameserver\release\gameserver\cblockchatusersystem.obj
d:\emulador-muemu-s13\source-files\gameserver\gameserver\release\gameserver\castlesiegeweapon.obj
d:\emulador-muemu-s13\source-files\gameserver\gameserver\release\gameserver\effect.obj
d:\emulador-muemu-s13\source-files\gameserver\gameserver\release\gameserver\duel.obj
d:\emulador-muemu-s13\source-files\gameserver\gameserver\release\gameserver\dsprotocol.obj
d:\emulador-muemu-s13\source-files\gameserver\gameserver\release\gameserver\dropsystem.obj
d:\emulador-muemu-s13\source-files\gameserver\gameserver\release\gameserver\doublegoer.obj
d:\emulador-muemu-s13\source-files\gameserver\gameserver\release\gameserver\devilsquare.obj
d:\emulador-muemu-s13\source-files\gameserver\gameserver\release\gameserver\defaultclassinfo.obj
d:\emulador-muemu-s13\source-files\gameserver\gameserver\release\gameserver\darkspirit.obj
d:\emulador-muemu-s13\source-files\gameserver\gameserver\release\gameserver\customwing.obj
d:\emulador-muemu-s13\source-files\gameserver\gameserver\release\gameserver\customstore.obj
d:\emulador-muemu-s13\source-files\gameserver\gameserver\release\gameserver\custompvptime.obj
d:\emulador-muemu-s13\source-files\gameserver\gameserver\release\gameserver\custommonster.obj
d:\emulador-muemu-s13\source-files\gameserver\gameserver\release\gameserver\customjewel.obj
d:\emulador-muemu-s13\source-files\gameserver\gameserver\release\gameserver\customeventdrop.obj
d:\emulador-muemu-s13\source-files\gameserver\gameserver\release\gameserver\customattack.obj
d:\emulador-muemu-s13\source-files\gameserver\gameserver\release\gameserver\customarena.obj
d:\emulador-muemu-s13\source-files\gameserver\gameserver\release\gameserver\csprotocol.obj
d:\emulador-muemu-s13\source-files\gameserver\gameserver\release\gameserver\crywolfutil.obj
d:\emulador-muemu-s13\source-files\gameserver\gameserver\release\gameserver\crywolfsync.obj
d:\emulador-muemu-s13\source-files\gameserver\gameserver\release\gameserver\crywolfstatue.obj
d:\emulador-muemu-s13\source-files\gameserver\gameserver\release\gameserver\guildmatching.obj
d:\emulador-muemu-s13\source-files\gameserver\gameserver\release\gameserver\guildclass.obj
d:\emulador-muemu-s13\source-files\gameserver\gameserver\release\gameserver\guild.obj
d:\emulador-muemu-s13\source-files\gameserver\gameserver\release\gameserver\guardianstatue.obj
d:\emulador-muemu-s13\source-files\gameserver\gameserver\release\gameserver\gremorycase.obj
d:\emulador-muemu-s13\source-files\gameserver\gameserver\release\gameserver\godofdarkness.obj
d:\emulador-muemu-s13\source-files\gameserver\gameserver\release\gameserver\gmsystem.obj
d:\emulador-muemu-s13\source-files\gameserver\gameserver\release\gameserver\genssystem.obj
d:\emulador-muemu-s13\source-files\gameserver\gameserver\release\gameserver\gate.obj
d:\emulador-muemu-s13\source-files\gameserver\gameserver\release\gameserver\gameserver.obj
d:\emulador-muemu-s13\source-files\gameserver\gameserver\release\gameserver\gamemaster.obj
d:\emulador-muemu-s13\source-files\gameserver\gameserver\release\gameserver\gamemain.obj
d:\emulador-muemu-s13\source-files\gameserver\gameserver\release\gameserver\fruit.obj
d:\emulador-muemu-s13\source-files\gameserver\gameserver\release\gameserver\forthtree.obj
d:\emulador-muemu-s13\source-files\gameserver\gameserver\release\gameserver\filter.obj
d:\emulador-muemu-s13\source-files\gameserver\gameserver\release\gameserver\filahit.obj
d:\emulador-muemu-s13\source-files\gameserver\gameserver\release\gameserver\experiencetable.obj
d:\emulador-muemu-s13\source-files\gameserver\gameserver\release\gameserver\eventinventory.obj
d:\emulador-muemu-s13\source-files\gameserver\gameserver\release\gameserver\esprotocol.obj
d:\emulador-muemu-s13\source-files\gameserver\gameserver\release\gameserver\effectmanager.obj
d:\emulador-muemu-s13\source-files\gameserver\gameserver\release\gameserver\jewelmix.obj
d:\emulador-muemu-s13\source-files\gameserver\gameserver\release\gameserver\itemvalue.obj
d:\emulador-muemu-s13\source-files\gameserver\gameserver\release\gameserver\itemstack.obj
d:\emulador-muemu-s13\source-files\gameserver\gameserver\release\gameserver\itemoptionrate.obj
d:\emulador-muemu-s13\source-files\gameserver\gameserver\release\gameserver\itemoption.obj
d:\emulador-muemu-s13\source-files\gameserver\gameserver\release\gameserver\itemmove.obj
d:\emulador-muemu-s13\source-files\gameserver\gameserver\release\gameserver\itemmanager.obj
d:\emulador-muemu-s13\source-files\gameserver\gameserver\release\gameserver\itemdrop.obj
d:\emulador-muemu-s13\source-files\gameserver\gameserver\release\gameserver\itembagmanager.obj
d:\emulador-muemu-s13\source-files\gameserver\gameserver\release\gameserver\itembagex.obj
d:\emulador-muemu-s13\source-files\gameserver\gameserver\release\gameserver\itembag.obj
d:\emulador-muemu-s13\source-files\gameserver\gameserver\release\gameserver\item.obj
d:\emulador-muemu-s13\source-files\gameserver\gameserver\release\gameserver\ipmanager.obj
d:\emulador-muemu-s13\source-files\gameserver\gameserver\release\gameserver\inventoryequipment.obj
d:\emulador-muemu-s13\source-files\gameserver\gameserver\release\gameserver\imperialguardian.obj
d:\emulador-muemu-s13\source-files\gameserver\gameserver\release\gameserver\illusiontemple.obj
d:\emulador-muemu-s13\source-files\gameserver\gameserver\release\gameserver\huntinggrounds.obj
d:\emulador-muemu-s13\source-files\gameserver\gameserver\release\gameserver\helper.obj
d:\emulador-muemu-s13\source-files\gameserver\gameserver\release\gameserver\hackpacketcheck.obj
d:\emulador-muemu-s13\source-files\gameserver\gameserver\release\gameserver\hackcheck.obj
d:\emulador-muemu-s13\source-files\gameserver\gameserver\release\gameserver\luckycoin.obj
d:\emulador-muemu-s13\source-files\gameserver\gameserver\release\gameserver\logger.obj
d:\emulador-muemu-s13\source-files\gameserver\gameserver\release\gameserver\log.obj
d:\emulador-muemu-s13\source-files\gameserver\gameserver\release\gameserver\lifestone.obj
d:\emulador-muemu-s13\source-files\gameserver\gameserver\release\gameserver\kanturuutil.obj
d:\emulador-muemu-s13\source-files\gameserver\gameserver\release\gameserver\kanturutowerofrefinement.obj
d:\emulador-muemu-s13\source-files\gameserver\gameserver\release\gameserver\kanturustateinfo.obj
d:\emulador-muemu-s13\source-files\gameserver\gameserver\release\gameserver\kanturuobjinfo.obj
d:\emulador-muemu-s13\source-files\gameserver\gameserver\release\gameserver\kanturumonstermng.obj
d:\emulador-muemu-s13\source-files\gameserver\gameserver\release\gameserver\kanturumaya.obj
d:\emulador-muemu-s13\source-files\gameserver\gameserver\release\gameserver\kanturuentrancenpc.obj
d:\emulador-muemu-s13\source-files\gameserver\gameserver\release\gameserver\kanturubattleusermng.obj
d:\emulador-muemu-s13\source-files\gameserver\gameserver\release\gameserver\kanturubattlestanby.obj
d:\emulador-muemu-s13\source-files\gameserver\gameserver\release\gameserver\kanturubattleofnightmare.obj
d:\emulador-muemu-s13\source-files\gameserver\gameserver\release\gameserver\kanturubattleofmaya.obj
d:\emulador-muemu-s13\source-files\gameserver\gameserver\release\gameserver\kanturu.obj
d:\emulador-muemu-s13\source-files\gameserver\gameserver\release\gameserver\kalima.obj
d:\emulador-muemu-s13\source-files\gameserver\gameserver\release\gameserver\jsprotocol.obj
d:\emulador-muemu-s13\source-files\gameserver\gameserver\release\gameserver\jewelofharmonytype.obj
d:\emulador-muemu-s13\source-files\gameserver\gameserver\release\gameserver\jewelofharmonyoption.obj
d:\emulador-muemu-s13\source-files\gameserver\gameserver\release\gameserver\monsterai.obj
d:\emulador-muemu-s13\source-files\gameserver\gameserver\release\gameserver\monster.obj
d:\emulador-muemu-s13\source-files\gameserver\gameserver\release\gameserver\mmitemslot.obj
d:\emulador-muemu-s13\source-files\gameserver\gameserver\release\gameserver\miningsystem.obj
d:\emulador-muemu-s13\source-files\gameserver\gameserver\release\gameserver\minimap.obj
d:\emulador-muemu-s13\source-files\gameserver\gameserver\release\gameserver\minidump.obj
d:\emulador-muemu-s13\source-files\gameserver\gameserver\release\gameserver\message.obj
d:\emulador-muemu-s13\source-files\gameserver\gameserver\release\gameserver\mercenary.obj
d:\emulador-muemu-s13\source-files\gameserver\gameserver\release\gameserver\memscript.obj
d:\emulador-muemu-s13\source-files\gameserver\gameserver\release\gameserver\memoryallocatorinfo.obj
d:\emulador-muemu-s13\source-files\gameserver\gameserver\release\gameserver\memoryallocator.obj
d:\emulador-muemu-s13\source-files\gameserver\gameserver\release\gameserver\masteryitemextoptionset.obj
d:\emulador-muemu-s13\source-files\gameserver\gameserver\release\gameserver\masterskilltree_4th.obj
d:\emulador-muemu-s13\source-files\gameserver\gameserver\release\gameserver\masterskilltree.obj
d:\emulador-muemu-s13\source-files\gameserver\gameserver\release\gameserver\mapservermanager.obj
d:\emulador-muemu-s13\source-files\gameserver\gameserver\release\gameserver\mappath.obj
d:\emulador-muemu-s13\source-files\gameserver\gameserver\release\gameserver\mapmanager.obj
d:\emulador-muemu-s13\source-files\gameserver\gameserver\release\gameserver\mapitem.obj
d:\emulador-muemu-s13\source-files\gameserver\gameserver\release\gameserver\map.obj
d:\emulador-muemu-s13\source-files\gameserver\gameserver\release\gameserver\luckyitem.obj
d:\emulador-muemu-s13\source-files\gameserver\gameserver\release\gameserver\monsterskillelementoption.obj
d:\emulador-muemu-s13\source-files\gameserver\gameserver\release\gameserver\monsterskillelementinfo.obj
d:\emulador-muemu-s13\source-files\gameserver\gameserver\release\gameserver\monsterskillelement.obj
d:\emulador-muemu-s13\source-files\gameserver\gameserver\release\gameserver\monstersetbase.obj
d:\emulador-muemu-s13\source-files\gameserver\gameserver\release\gameserver\monstermanager.obj
d:\emulador-muemu-s13\source-files\gameserver\gameserver\release\gameserver\monsteraiutil.obj
d:\emulador-muemu-s13\source-files\gameserver\gameserver\release\gameserver\monsteraiunitinfo.obj
d:\emulador-muemu-s13\source-files\gameserver\gameserver\release\gameserver\monsteraiunit.obj
d:\emulador-muemu-s13\source-files\gameserver\gameserver\release\gameserver\monsteraistate.obj
d:\emulador-muemu-s13\source-files\gameserver\gameserver\release\gameserver\monsterairuleinfo.obj
d:\emulador-muemu-s13\source-files\gameserver\gameserver\release\gameserver\monsterairule.obj
d:\emulador-muemu-s13\source-files\gameserver\gameserver\release\gameserver\monsteraimovepathinfo.obj
d:\emulador-muemu-s13\source-files\gameserver\gameserver\release\gameserver\monsteraimovepath.obj
d:\emulador-muemu-s13\source-files\gameserver\gameserver\release\gameserver\monsteraigroupmember.obj
d:\emulador-muemu-s13\source-files\gameserver\gameserver\release\gameserver\monsteraigroup.obj
d:\emulador-muemu-s13\source-files\gameserver\gameserver\release\gameserver\monsteraielementinfo.obj
d:\emulador-muemu-s13\source-files\gameserver\gameserver\release\gameserver\monsteraielement.obj
d:\emulador-muemu-s13\source-files\gameserver\gameserver\release\gameserver\monsteraiautomatainfo.obj
d:\emulador-muemu-s13\source-files\gameserver\gameserver\release\gameserver\monsteraiautomata.obj
d:\emulador-muemu-s13\source-files\gameserver\gameserver\release\gameserver\monsteraiagro.obj
d:\emulador-muemu-s13\source-files\gameserver\gameserver\release\gameserver\party.obj
d:\emulador-muemu-s13\source-files\gameserver\gameserver\release\gameserver\packetmanager.obj
d:\emulador-muemu-s13\source-files\gameserver\gameserver\release\gameserver\oficina.obj
d:\emulador-muemu-s13\source-files\gameserver\gameserver\release\gameserver\objectmanager.obj
d:\emulador-muemu-s13\source-files\gameserver\gameserver\release\gameserver\npctalk.obj
d:\emulador-muemu-s13\source-files\gameserver\gameserver\release\gameserver\notice.obj
d:\emulador-muemu-s13\source-files\gameserver\gameserver\release\gameserver\newssystem.obj
d:\emulador-muemu-s13\source-files\gameserver\gameserver\release\gameserver\newquestworld.obj
d:\emulador-muemu-s13\source-files\gameserver\gameserver\release\gameserver\mysteriousstone.obj
d:\emulador-muemu-s13\source-files\gameserver\gameserver\release\gameserver\muunsystem.obj
d:\emulador-muemu-s13\source-files\gameserver\gameserver\release\gameserver\murummy.obj
d:\emulador-muemu-s13\source-files\gameserver\gameserver\release\gameserver\mufc.obj
d:\emulador-muemu-s13\source-files\gameserver\gameserver\release\gameserver\movesummon.obj
d:\emulador-muemu-s13\source-files\gameserver\gameserver\release\gameserver\move.obj
d:\emulador-muemu-s13\source-files\gameserver\gameserver\release\gameserver\mossmerchant.obj
d:\emulador-muemu-s13\source-files\gameserver\gameserver\release\gameserver\monsterspawner.obj
d:\emulador-muemu-s13\source-files\gameserver\gameserver\release\gameserver\monsterskillunitinfo.obj
d:\emulador-muemu-s13\source-files\gameserver\gameserver\release\gameserver\monsterskillunit.obj
d:\emulador-muemu-s13\source-files\gameserver\gameserver\release\gameserver\monsterskillmanager.obj
d:\emulador-muemu-s13\source-files\gameserver\gameserver\release\gameserver\monsterskillinfo.obj
d:\emulador-muemu-s13\source-files\gameserver\gameserver\release\gameserver\raklionobjinfo.obj
d:\emulador-muemu-s13\source-files\gameserver\gameserver\release\gameserver\raklionbattleusermng.obj
d:\emulador-muemu-s13\source-files\gameserver\gameserver\release\gameserver\raklionbattleuser.obj
d:\emulador-muemu-s13\source-files\gameserver\gameserver\release\gameserver\raklionbattleofselupan.obj
d:\emulador-muemu-s13\source-files\gameserver\gameserver\release\gameserver\raklion.obj
d:\emulador-muemu-s13\source-files\gameserver\gameserver\release\gameserver\queuetimer.obj
d:\emulador-muemu-s13\source-files\gameserver\gameserver\release\gameserver\queue.obj
d:\emulador-muemu-s13\source-files\gameserver\gameserver\release\gameserver\questworldreward.obj
d:\emulador-muemu-s13\source-files\gameserver\gameserver\release\gameserver\questworldobjective.obj
d:\emulador-muemu-s13\source-files\gameserver\gameserver\release\gameserver\questworld.obj
d:\emulador-muemu-s13\source-files\gameserver\gameserver\release\gameserver\questreward.obj
d:\emulador-muemu-s13\source-files\gameserver\gameserver\release\gameserver\questobjective.obj
d:\emulador-muemu-s13\source-files\gameserver\gameserver\release\gameserver\quest.obj
d:\emulador-muemu-s13\source-files\gameserver\gameserver\release\gameserver\protocol.obj
d:\emulador-muemu-s13\source-files\gameserver\gameserver\release\gameserver\protect.obj
d:\emulador-muemu-s13\source-files\gameserver\gameserver\release\gameserver\personalshop.obj
d:\emulador-muemu-s13\source-files\gameserver\gameserver\release\gameserver\pentagramsystem.obj
d:\emulador-muemu-s13\source-files\gameserver\gameserver\release\gameserver\pcpoint.obj
d:\emulador-muemu-s13\source-files\gameserver\gameserver\release\gameserver\path.obj
d:\emulador-muemu-s13\source-files\gameserver\gameserver\release\gameserver\partymatching.obj
d:\emulador-muemu-s13\source-files\gameserver\gameserver\release\gameserver\skillmanager.obj
d:\emulador-muemu-s13\source-files\gameserver\gameserver\release\gameserver\skillhitbox.obj
d:\emulador-muemu-s13\source-files\gameserver\gameserver\release\gameserver\skill.obj
d:\emulador-muemu-s13\source-files\gameserver\gameserver\release\gameserver\silvester.obj
d:\emulador-muemu-s13\source-files\gameserver\gameserver\release\gameserver\shopmanager.obj
d:\emulador-muemu-s13\source-files\gameserver\gameserver\release\gameserver\shop.obj
d:\emulador-muemu-s13\source-files\gameserver\gameserver\release\gameserver\setitemtype.obj
d:\emulador-muemu-s13\source-files\gameserver\gameserver\release\gameserver\setitemoption.obj
d:\emulador-muemu-s13\source-files\gameserver\gameserver\release\gameserver\serverinfo.obj
d:\emulador-muemu-s13\source-files\gameserver\gameserver\release\gameserver\serverdisplayer.obj
d:\emulador-muemu-s13\source-files\gameserver\gameserver\release\gameserver\serialcheck.obj
d:\emulador-muemu-s13\source-files\gameserver\gameserver\release\gameserver\schedulemanager.obj
d:\emulador-muemu-s13\source-files\gameserver\gameserver\release\gameserver\ruudtokenrewardprobability.obj
d:\emulador-muemu-s13\source-files\gameserver\gameserver\release\gameserver\rheagold.obj
d:\emulador-muemu-s13\source-files\gameserver\gameserver\release\gameserver\restoresolditem.obj
d:\emulador-muemu-s13\source-files\gameserver\gameserver\release\gameserver\resettable.obj
d:\emulador-muemu-s13\source-files\gameserver\gameserver\release\gameserver\reconnect.obj
d:\emulador-muemu-s13\source-files\gameserver\gameserver\release\gameserver\randommanager.obj
d:\emulador-muemu-s13\source-files\gameserver\gameserver\release\gameserver\raklionutil.obj
d:\emulador-muemu-s13\source-files\gameserver\gameserver\release\gameserver\raklionselupan.obj
d:\emulador-muemu-s13\source-files\gameserver\gameserver\release\gameserver\wings4thoption.obj
d:\emulador-muemu-s13\source-files\gameserver\gameserver\release\gameserver\warehouse.obj
d:\emulador-muemu-s13\source-files\gameserver\gameserver\release\gameserver\viewport.obj
d:\emulador-muemu-s13\source-files\gameserver\gameserver\release\gameserver\addons.obj
d:\emulador-muemu-s13\source-files\gameserver\gameserver\release\gameserver\util.obj
d:\emulador-muemu-s13\source-files\gameserver\gameserver\release\gameserver\user.obj
d:\emulador-muemu-s13\source-files\gameserver\gameserver\release\gameserver\unitybattlefield.obj
d:\emulador-muemu-s13\source-files\gameserver\gameserver\release\gameserver\unioninfo.obj
d:\emulador-muemu-s13\source-files\gameserver\gameserver\release\gameserver\union.obj
d:\emulador-muemu-s13\source-files\gameserver\gameserver\release\gameserver\trade.obj
d:\emulador-muemu-s13\source-files\gameserver\gameserver\release\gameserver\sxidecryp.obj
d:\emulador-muemu-s13\source-files\gameserver\gameserver\release\gameserver\summonscroll.obj
d:\emulador-muemu-s13\source-files\gameserver\gameserver\release\gameserver\statspecialize.obj
d:\emulador-muemu-s13\source-files\gameserver\gameserver\release\gameserver\speedfila.obj
d:\emulador-muemu-s13\source-files\gameserver\gameserver\release\gameserver\socketmanagerudp.obj
d:\emulador-muemu-s13\source-files\gameserver\gameserver\release\gameserver\socketmanager.obj
d:\emulador-muemu-s13\source-files\gameserver\gameserver\release\gameserver\socketitemtype.obj
d:\emulador-muemu-s13\source-files\gameserver\gameserver\release\gameserver\socketitemoption.obj
d:\emulador-muemu-s13\source-files\gameserver\gameserver\release\gameserver\socketchaos.obj
d:\emulador-muemu-s13\source-files\gameserver\gameserver\release\gameserver\gameserver.res
d:\emulador-muemu-s13\source-files\gameserver\gameserver\release\gameserver\gameserver.tlog\cl.command.1.tlog
d:\emulador-muemu-s13\source-files\gameserver\gameserver\release\gameserver\gameserver.tlog\cl.read.1.tlog
d:\emulador-muemu-s13\source-files\gameserver\gameserver\release\gameserver\gameserver.tlog\cl.write.1.tlog
d:\emulador-muemu-s13\source-files\gameserver\gameserver\release\gameserver\gameserver.tlog\link.command.1.tlog
d:\emulador-muemu-s13\source-files\gameserver\gameserver\release\gameserver\gameserver.tlog\link.read.1.tlog
d:\emulador-muemu-s13\source-files\gameserver\gameserver\release\gameserver\gameserver.tlog\link.write.1.tlog
d:\emulador-muemu-s13\source-files\gameserver\gameserver\release\gameserver\gameserver.tlog\rc.command.1.tlog
d:\emulador-muemu-s13\source-files\gameserver\gameserver\release\gameserver\gameserver.tlog\rc.read.1.tlog
d:\emulador-muemu-s13\source-files\gameserver\gameserver\release\gameserver\gameserver.tlog\rc.write.1.tlog
