d:\emulador-muemu-s13\source-files\joinserver\joinserver\release\joinserver.pch
d:\emulador-muemu-s13\source-files\joinserver\joinserver\release\vc143.pdb
d:\emulador-muemu-s13\source-files\joinserver\joinserver\release\stdafx.obj
d:\emulador-muemu-s13\source-files\joinserver\joinserver\release\util.obj
d:\emulador-muemu-s13\source-files\joinserver\joinserver\release\socketmanagerudp.obj
d:\emulador-muemu-s13\source-files\joinserver\joinserver\release\socketmanager.obj
d:\emulador-muemu-s13\source-files\joinserver\joinserver\release\servermanager.obj
d:\emulador-muemu-s13\source-files\joinserver\joinserver\release\serverdisplayer.obj
d:\emulador-muemu-s13\source-files\joinserver\joinserver\release\queue.obj
d:\emulador-muemu-s13\source-files\joinserver\joinserver\release\querymanager.obj
d:\emulador-muemu-s13\source-files\joinserver\joinserver\release\minidump.obj
d:\emulador-muemu-s13\source-files\joinserver\joinserver\release\memscript.obj
d:\emulador-muemu-s13\source-files\joinserver\joinserver\release\log.obj
d:\emulador-muemu-s13\source-files\joinserver\joinserver\release\joinserverprotocol.obj
d:\emulador-muemu-s13\source-files\joinserver\joinserver\release\joinserver.obj
d:\emulador-muemu-s13\source-files\joinserver\joinserver\release\criticalsection.obj
d:\emulador-muemu-s13\source-files\joinserver\joinserver\release\allowableiplist.obj
d:\emulador-muemu-s13\source-files\joinserver\joinserver\release\accountmanager.obj
d:\emulador-muemu-s13\source-files\joinserver\joinserver\release\md5.obj
d:\emulador-muemu-s13\source-files\release\joinserver.exe
d:\emulador-muemu-s13\source-files\release\joinserver.map
d:\emulador-muemu-s13\source-files\release\joinserver.pdb
d:\emulador-muemu-s13\source-files\joinserver\joinserver\release\joinserver.res
d:\emulador-muemu-s13\source-files\joinserver\joinserver\release\joinserver.ipdb
d:\emulador-muemu-s13\source-files\joinserver\joinserver\release\joinserver.iobj
d:\emulador-muemu-s13\source-files\joinserver\joinserver\release\joinserver.tlog\cl.command.1.tlog
d:\emulador-muemu-s13\source-files\joinserver\joinserver\release\joinserver.tlog\cl.items.tlog
d:\emulador-muemu-s13\source-files\joinserver\joinserver\release\joinserver.tlog\cl.read.1.tlog
d:\emulador-muemu-s13\source-files\joinserver\joinserver\release\joinserver.tlog\cl.write.1.tlog
d:\emulador-muemu-s13\source-files\joinserver\joinserver\release\joinserver.tlog\link.command.1.tlog
d:\emulador-muemu-s13\source-files\joinserver\joinserver\release\joinserver.tlog\link.read.1.tlog
d:\emulador-muemu-s13\source-files\joinserver\joinserver\release\joinserver.tlog\link.secondary.1.tlog
d:\emulador-muemu-s13\source-files\joinserver\joinserver\release\joinserver.tlog\link.write.1.tlog
d:\emulador-muemu-s13\source-files\joinserver\joinserver\release\joinserver.tlog\rc.command.1.tlog
d:\emulador-muemu-s13\source-files\joinserver\joinserver\release\joinserver.tlog\rc.read.1.tlog
d:\emulador-muemu-s13\source-files\joinserver\joinserver\release\joinserver.tlog\rc.write.1.tlog
