d:\emulador-muemu-s13\source-files\dataserver\dataserver\release\dataserver.pch
d:\emulador-muemu-s13\source-files\dataserver\dataserver\release\vc143.pdb
d:\emulador-muemu-s13\source-files\dataserver\dataserver\release\stdafx.obj
d:\emulador-muemu-s13\source-files\dataserver\dataserver\release\helper.obj
d:\emulador-muemu-s13\source-files\dataserver\dataserver\release\guildmanager.obj
d:\emulador-muemu-s13\source-files\dataserver\dataserver\release\genssystem.obj
d:\emulador-muemu-s13\source-files\dataserver\dataserver\release\eventinventory.obj
d:\emulador-muemu-s13\source-files\dataserver\dataserver\release\esprotocol.obj
d:\emulador-muemu-s13\source-files\dataserver\dataserver\release\dataserverprotocol.obj
d:\emulador-muemu-s13\source-files\dataserver\dataserver\release\dataserver.obj
d:\emulador-muemu-s13\source-files\dataserver\dataserver\release\csprotocol.obj
d:\emulador-muemu-s13\source-files\dataserver\dataserver\release\criticalsection.obj
d:\emulador-muemu-s13\source-files\dataserver\dataserver\release\crestoreitemdbset.obj
d:\emulador-muemu-s13\source-files\dataserver\dataserver\release\commandmanager.obj
d:\emulador-muemu-s13\source-files\dataserver\dataserver\release\cbombhuntdbset.obj
d:\emulador-muemu-s13\source-files\dataserver\dataserver\release\cblockchatuserdbset.obj
d:\emulador-muemu-s13\source-files\dataserver\dataserver\release\castledbset.obj
d:\emulador-muemu-s13\source-files\dataserver\dataserver\release\cashshop.obj
d:\emulador-muemu-s13\source-files\dataserver\dataserver\release\badsyntax.obj
d:\emulador-muemu-s13\source-files\dataserver\dataserver\release\arcabattle.obj
d:\emulador-muemu-s13\source-files\dataserver\dataserver\release\allowableiplist.obj
d:\emulador-muemu-s13\source-files\dataserver\dataserver\release\questworld.obj
d:\emulador-muemu-s13\source-files\dataserver\dataserver\release\quest.obj
d:\emulador-muemu-s13\source-files\dataserver\dataserver\release\querymanager.obj
d:\emulador-muemu-s13\source-files\dataserver\dataserver\release\personalshop.obj
d:\emulador-muemu-s13\source-files\dataserver\dataserver\release\pentagramsystem.obj
d:\emulador-muemu-s13\source-files\dataserver\dataserver\release\offlinemode.obj
d:\emulador-muemu-s13\source-files\dataserver\dataserver\release\npctalk.obj
d:\emulador-muemu-s13\source-files\dataserver\dataserver\release\newquestworld.obj
d:\emulador-muemu-s13\source-files\dataserver\dataserver\release\muunsystem.obj
d:\emulador-muemu-s13\source-files\dataserver\dataserver\release\murummy.obj
d:\emulador-muemu-s13\source-files\dataserver\dataserver\release\minidump.obj
d:\emulador-muemu-s13\source-files\dataserver\dataserver\release\memscript.obj
d:\emulador-muemu-s13\source-files\dataserver\dataserver\release\masterskilltree_4th.obj
d:\emulador-muemu-s13\source-files\dataserver\dataserver\release\masterskilltree.obj
d:\emulador-muemu-s13\source-files\dataserver\dataserver\release\luckyitem.obj
d:\emulador-muemu-s13\source-files\dataserver\dataserver\release\luckycoin.obj
d:\emulador-muemu-s13\source-files\dataserver\dataserver\release\log.obj
d:\emulador-muemu-s13\source-files\dataserver\dataserver\release\labyrinthdbset.obj
d:\emulador-muemu-s13\source-files\dataserver\dataserver\release\huntingrecord.obj
d:\emulador-muemu-s13\source-files\dataserver\dataserver\release\warehouse.obj
d:\emulador-muemu-s13\source-files\dataserver\dataserver\release\util.obj
d:\emulador-muemu-s13\source-files\dataserver\dataserver\release\socketmanager.obj
d:\emulador-muemu-s13\source-files\dataserver\dataserver\release\servermanager.obj
d:\emulador-muemu-s13\source-files\dataserver\dataserver\release\serverdisplayer.obj
d:\emulador-muemu-s13\source-files\dataserver\dataserver\release\queue.obj
d:\emulador-muemu-s13\source-files\dataserver\dataserver\release\dataserver.tlog\cl.command.1.tlog
d:\emulador-muemu-s13\source-files\dataserver\dataserver\release\dataserver.tlog\cl.read.1.tlog
d:\emulador-muemu-s13\source-files\dataserver\dataserver\release\dataserver.tlog\cl.write.1.tlog
