d:\emulador-muemu-s13\source-files\connectserver\connectserver\release\connectserver.pch
d:\emulador-muemu-s13\source-files\connectserver\connectserver\release\vc143.pdb
d:\emulador-muemu-s13\source-files\connectserver\connectserver\release\stdafx.obj
d:\emulador-muemu-s13\source-files\connectserver\connectserver\release\util.obj
d:\emulador-muemu-s13\source-files\connectserver\connectserver\release\socketmanagerudp.obj
d:\emulador-muemu-s13\source-files\connectserver\connectserver\release\socketmanager.obj
d:\emulador-muemu-s13\source-files\connectserver\connectserver\release\serverlist.obj
d:\emulador-muemu-s13\source-files\connectserver\connectserver\release\serverdisplayer.obj
d:\emulador-muemu-s13\source-files\connectserver\connectserver\release\queue.obj
d:\emulador-muemu-s13\source-files\connectserver\connectserver\release\minidump.obj
d:\emulador-muemu-s13\source-files\connectserver\connectserver\release\memscript.obj
d:\emulador-muemu-s13\source-files\connectserver\connectserver\release\log.obj
d:\emulador-muemu-s13\source-files\connectserver\connectserver\release\ipmanager.obj
d:\emulador-muemu-s13\source-files\connectserver\connectserver\release\criticalsection.obj
d:\emulador-muemu-s13\source-files\connectserver\connectserver\release\connectserverprotocol.obj
d:\emulador-muemu-s13\source-files\connectserver\connectserver\release\connectserver.obj
d:\emulador-muemu-s13\source-files\connectserver\connectserver\release\clientmanager.obj
d:\emulador-muemu-s13\source-files\release\connectserver.exe
d:\emulador-muemu-s13\source-files\release\connectserver.map
d:\emulador-muemu-s13\source-files\release\connectserver.pdb
d:\emulador-muemu-s13\source-files\connectserver\connectserver\release\connectserver.res
d:\emulador-muemu-s13\source-files\connectserver\connectserver\release\connectserver.ipdb
d:\emulador-muemu-s13\source-files\connectserver\connectserver\release\connectserver.iobj
d:\emulador-muemu-s13\source-files\connectserver\connectserver\release\connectserver.tlog\cl.command.1.tlog
d:\emulador-muemu-s13\source-files\connectserver\connectserver\release\connectserver.tlog\cl.items.tlog
d:\emulador-muemu-s13\source-files\connectserver\connectserver\release\connectserver.tlog\cl.read.1.tlog
d:\emulador-muemu-s13\source-files\connectserver\connectserver\release\connectserver.tlog\cl.write.1.tlog
d:\emulador-muemu-s13\source-files\connectserver\connectserver\release\connectserver.tlog\link.command.1.tlog
d:\emulador-muemu-s13\source-files\connectserver\connectserver\release\connectserver.tlog\link.read.1.tlog
d:\emulador-muemu-s13\source-files\connectserver\connectserver\release\connectserver.tlog\link.secondary.1.tlog
d:\emulador-muemu-s13\source-files\connectserver\connectserver\release\connectserver.tlog\link.write.1.tlog
d:\emulador-muemu-s13\source-files\connectserver\connectserver\release\connectserver.tlog\rc.command.1.tlog
d:\emulador-muemu-s13\source-files\connectserver\connectserver\release\connectserver.tlog\rc.read.1.tlog
d:\emulador-muemu-s13\source-files\connectserver\connectserver\release\connectserver.tlog\rc.write.1.tlog
